<?xml version="1.0" encoding="UTF-8"?>
<!-- Generated by org.testng.reporters.JUnitXMLReporter -->
<testsuite ignored="7" hostname="Rocky" failures="0" tests="2" name="Default test" time="20.612" errors="0" timestamp="2023-06-09T12:24:31 IST">
  <testcase classname="seleniumbasics.DemoWebShop" name="tc_008_verifyLoginWithValidDatas" time="5.449"/>
  <testcase classname="seleniumbasics.DemoWebShop" name="tc_008_verifyLoginWithValidDatas" time="6.648"/>
  <testcase classname="seleniumbasics.DemoWebShop" name="tc_002_verifyLogin" time="0.0">
    <ignored/>
  </testcase> <!-- tc_002_verifyLogin -->
  <testcase classname="seleniumbasics.DemoWebShop" name="tc_005_verifyregistrationFromExcelSheet" time="0.0">
    <ignored/>
  </testcase> <!-- tc_005_verifyregistrationFromExcelSheet -->
  <testcase classname="seleniumbasics.DemoWebShop" name="tc_003_verifyRegistration" time="0.0">
    <ignored/>
  </testcase> <!-- tc_003_verifyRegistration -->
  <testcase classname="seleniumbasics.DemoWebShop" name="tc_004_verifyTitleFromExcelSheet" time="0.0">
    <ignored/>
  </testcase> <!-- tc_004_verifyTitleFromExcelSheet -->
  <testcase classname="seleniumbasics.DemoWebShop" name="tc_001_verifyObsquraTitle" time="0.0">
    <ignored/>
  </testcase> <!-- tc_001_verifyObsquraTitle -->
  <testcase classname="seleniumbasics.DemoWebShop" name="tc_007_verifyRegistrationUsingRandomGenerator" time="0.0">
    <ignored/>
  </testcase> <!-- tc_007_verifyRegistrationUsingRandomGenerator -->
  <testcase classname="seleniumbasics.DemoWebShop" name="tc_006_verifyLoginWithInvalidData" time="0.0">
    <ignored/>
  </testcase> <!-- tc_006_verifyLoginWithInvalidData -->
</testsuite> <!-- Default test -->
