<?xml version="1.0" encoding="UTF-8"?>
<!-- Generated by org.testng.reporters.JUnitXMLReporter -->
<testsuite ignored="9" hostname="Rocky" failures="0" tests="1" name="Chrome Test" time="9.91" errors="0" timestamp="2023-06-15T07:14:27 IST">
  <testcase classname="seleniumbasics.DemoWebShop" name="tc_002_verifyLogin" time="2.039"/>
  <testcase classname="seleniumbasics.DemoWebShop" name="tc_007_verifyRegistrationUsingRandomGenerator" time="0.0">
    <ignored/>
  </testcase> <!-- tc_007_verifyRegistrationUsingRandomGenerator -->
  <testcase classname="seleniumbasics.DemoWebShop" name="tc_006_verifyLoginWithInvalidData" time="0.0">
    <ignored/>
  </testcase> <!-- tc_006_verifyLoginWithInvalidData -->
  <testcase classname="seleniumbasics.DemoWebShop" name="tc_001_verifyObsquraTitle" time="0.0">
    <ignored/>
  </testcase> <!-- tc_001_verifyObsquraTitle -->
  <testcase classname="seleniumbasics.DemoWebShop" name="tc_009_verifyLoginWithParameters" time="0.0">
    <ignored/>
  </testcase> <!-- tc_009_verifyLoginWithParameters -->
  <testcase classname="seleniumbasics.DemoWebShop" name="tc_005_verifyregistrationFromExcelSheet" time="0.0">
    <ignored/>
  </testcase> <!-- tc_005_verifyregistrationFromExcelSheet -->
  <testcase classname="seleniumbasics.DemoWebShop" name="tc_010_verifyLoginWithInvalidParameters" time="0.0">
    <ignored/>
  </testcase> <!-- tc_010_verifyLoginWithInvalidParameters -->
  <testcase classname="seleniumbasics.DemoWebShop" name="tc_008_verifyLoginWithValidDatas" time="0.0">
    <ignored/>
  </testcase> <!-- tc_008_verifyLoginWithValidDatas -->
  <testcase classname="seleniumbasics.DemoWebShop" name="tc_003_verifyRegistration" time="0.0">
    <ignored/>
  </testcase> <!-- tc_003_verifyRegistration -->
  <testcase classname="seleniumbasics.DemoWebShop" name="tc_004_verifyTitleFromExcelSheet" time="0.0">
    <ignored/>
  </testcase> <!-- tc_004_verifyTitleFromExcelSheet -->
</testsuite> <!-- Chrome Test -->
