<?xml version="1.0" encoding="UTF-8"?>
<!-- Generated by org.testng.reporters.JUnitXMLReporter -->
<testsuite ignored="4" hostname="Rocky" failures="0" tests="9" name="Chrome Test" time="333.721" errors="0" timestamp="2023-06-14T08:13:10 IST">
  <testcase classname="seleniumbasics.DemoWebShop" name="tc_001_verifyObsquraTitle" time="6.989"/>
  <testcase classname="seleniumbasics.DemoWebShop" name="tc_002_verifyLogin" time="2.586"/>
  <testcase classname="seleniumbasics.DemoWebShop" name="tc_004_verifyTitleFromExcelSheet" time="1.27"/>
  <testcase classname="seleniumbasics.DemoWebShop" name="tc_006_verifyLoginWithInvalidData" time="2.163"/>
  <testcase classname="seleniumbasics.DemoWebShop" name="tc_006_verifyLoginWithInvalidData" time="2.948"/>
  <testcase classname="seleniumbasics.DemoWebShop" name="tc_006_verifyLoginWithInvalidData" time="1.621"/>
  <testcase classname="seleniumbasics.DemoWebShop" name="tc_007_verifyRegistrationUsingRandomGenerator" time="3.598"/>
  <testcase classname="seleniumbasics.DemoWebShop" name="tc_008_verifyLoginWithValidDatas" time="2.841"/>
  <testcase classname="seleniumbasics.DemoWebShop" name="tc_008_verifyLoginWithValidDatas" time="2.414"/>
  <testcase classname="seleniumbasics.DemoWebShop" name="tc_009_verifyLoginWithParameters" time="0.0">
    <ignored/>
  </testcase> <!-- tc_009_verifyLoginWithParameters -->
  <testcase classname="seleniumbasics.DemoWebShop" name="tc_010_verifyLoginWithInvalidParameters" time="0.0">
    <ignored/>
  </testcase> <!-- tc_010_verifyLoginWithInvalidParameters -->
  <testcase classname="seleniumbasics.DemoWebShop" name="tc_003_verifyRegistration" time="0.0">
    <ignored/>
  </testcase> <!-- tc_003_verifyRegistration -->
  <testcase classname="seleniumbasics.DemoWebShop" name="tc_005_verifyregistrationFromExcelSheet" time="0.0">
    <ignored/>
  </testcase> <!-- tc_005_verifyregistrationFromExcelSheet -->
</testsuite> <!-- Chrome Test -->
