<?xml version="1.0" encoding="UTF-8"?>
<testng-results ignored="7" total="9" passed="2" failed="0" skipped="0">
  <reporter-output>
  </reporter-output>
  <suite started-at="2023-06-09T12:24:11 IST" name="Default suite" finished-at="2023-06-09T12:24:31 IST" duration-ms="20612">
    <groups>
    </groups>
    <test started-at="2023-06-09T12:24:11 IST" name="Default test" finished-at="2023-06-09T12:24:31 IST" duration-ms="20612">
      <class name="seleniumbasics.DemoWebShop">
        <test-method is-config="true" signature="setup()[pri:0, instance:seleniumbasics.DemoWebShop@4d154ccd]" started-at="2023-06-09T12:24:11 IST" name="setup" finished-at="2023-06-09T12:24:16 IST" duration-ms="5203" status="PASS">
          <reporter-output>
          </reporter-output>
        </test-method> <!-- setup -->
        <test-method signature="tc_008_verifyLoginWithValidDatas(java.lang.String,java.lang.String)[pri:0, instance:seleniumbasics.DemoWebShop@4d154ccd]" started-at="2023-06-09T12:24:16 IST" name="tc_008_verifyLoginWithValidDatas" data-provider="ValidCredentials" finished-at="2023-06-09T12:24:22 IST" duration-ms="5449" status="PASS">
          <params>
            <param index="0">
              <value>
                <![CDATA[rakesh5757@gmail.com]]>
              </value>
            </param>
            <param index="1">
              <value>
                <![CDATA[rak12345]]>
              </value>
            </param>
          </params>
          <reporter-output>
          </reporter-output>
        </test-method> <!-- tc_008_verifyLoginWithValidDatas -->
        <test-method is-config="true" signature="tearDown(org.testng.ITestResult)[pri:0, instance:seleniumbasics.DemoWebShop@4d154ccd]" started-at="2023-06-09T12:24:22 IST" name="tearDown" finished-at="2023-06-09T12:24:22 IST" duration-ms="174" status="PASS">
          <params>
            <param index="0">
              <value>
                <![CDATA[[TestResult name=tc_008_verifyLoginWithValidDatas status=SUCCESS method=DemoWebShop.tc_008_verifyLoginWithValidDatas(java.lang.String,java.lang.String)[pri:0, instance:seleniumbasics.DemoWebShop@4d154ccd] output={null}]]]>
              </value>
            </param>
          </params>
          <reporter-output>
          </reporter-output>
        </test-method> <!-- tearDown -->
        <test-method is-config="true" signature="setup()[pri:0, instance:seleniumbasics.DemoWebShop@4d154ccd]" started-at="2023-06-09T12:24:22 IST" name="setup" finished-at="2023-06-09T12:24:25 IST" duration-ms="2860" status="PASS">
          <reporter-output>
          </reporter-output>
        </test-method> <!-- setup -->
        <test-method signature="tc_008_verifyLoginWithValidDatas(java.lang.String,java.lang.String)[pri:0, instance:seleniumbasics.DemoWebShop@4d154ccd]" started-at="2023-06-09T12:24:25 IST" name="tc_008_verifyLoginWithValidDatas" data-provider="ValidCredentials" finished-at="2023-06-09T12:24:31 IST" duration-ms="6648" status="PASS">
          <params>
            <param index="0">
              <value>
                <![CDATA[rakesh9656@gmail.com]]>
              </value>
            </param>
            <param index="1">
              <value>
                <![CDATA[rocky123]]>
              </value>
            </param>
          </params>
          <reporter-output>
          </reporter-output>
        </test-method> <!-- tc_008_verifyLoginWithValidDatas -->
        <test-method is-config="true" signature="tearDown(org.testng.ITestResult)[pri:0, instance:seleniumbasics.DemoWebShop@4d154ccd]" started-at="2023-06-09T12:24:31 IST" name="tearDown" finished-at="2023-06-09T12:24:31 IST" duration-ms="178" status="PASS">
          <params>
            <param index="0">
              <value>
                <![CDATA[[TestResult name=tc_008_verifyLoginWithValidDatas status=SUCCESS method=DemoWebShop.tc_008_verifyLoginWithValidDatas(java.lang.String,java.lang.String)[pri:0, instance:seleniumbasics.DemoWebShop@4d154ccd] output={null}]]]>
              </value>
            </param>
          </params>
          <reporter-output>
          </reporter-output>
        </test-method> <!-- tearDown -->
      </class> <!-- seleniumbasics.DemoWebShop -->
    </test> <!-- Default test -->
  </suite> <!-- Default suite -->
</testng-results>
